\BOOKMARK [1][-]{section.1}{Show that S = \173 1+2x+x2, 2 + 9x, 3 + 3x + 4x2 \175 \040is a basis for P2 and write \040p = 2 + 17x - 3x2 as a linear combination of vectors in S. Finally, write [p]S.}{}% 1
\BOOKMARK [2][-]{subsection.1.1}{Show that S = \173 1+2x+x2, 2 + 9x, 3 + 3x + 4x2 \175 \040is a basis for P2}{section.1}% 2
\BOOKMARK [2][-]{subsection.1.2}{Write \040= 2 + 17x - 3x2 as a linear combination of vectors in S}{section.1}% 3
\BOOKMARK [2][-]{subsection.1.3}{Finally, write [p]S.}{section.1}% 4
\BOOKMARK [1][-]{section.2}{Recall the standard basis of R3, \040 = [1 \0400 \0400]T, \040 = [0 \0401 \0400]T, \040 = [0 \0400 \0401]T}{}% 5
\BOOKMARK [2][-]{subsection.2.1}{Consider the matrix A Does the set of vectors \173 A,A,A \175 form a basis for R3}{section.2}% 6
\BOOKMARK [2][-]{subsection.2.2}{Consider the matrix B Does the set of vectors \173 B,B,B \175 form a basis for R3?}{section.2}% 7
\BOOKMARK [2][-]{subsection.2.3}{Make a conjecture of the form ``S = \173 A,A,A \175 forms a basis for R3 if and only if A \(insert appropriate property of A here\)''. }{section.2}% 8
\BOOKMARK [2][-]{subsection.2.4}{Bonus: Prove your conjecture.}{section.2}% 9
\BOOKMARK [1][-]{section.3}{For each of the following subspaces of M33 find a basis and state the dimension.}{}% 10
\BOOKMARK [2][-]{subsection.3.1}{W1 = \173A M33 | A \040 is a diagonal matrix \175 }{section.3}% 11
\BOOKMARK [2][-]{subsection.3.2}{W2 = \173A M33 | A = AT \175 \040\(the symmetric matrices\)}{section.3}% 12
\BOOKMARK [2][-]{subsection.3.3}{W1 = \173A M33 | A = -AT \175 \040\(the anti-symmetric matrices\)}{section.3}% 13
\BOOKMARK [1][-]{section.4}{ Find a basis for the subspace of P3 spanned by the following polynomials \(vectors\):p1 = 1 + x + 3x2 + 4x3, \040p2 = 1 + 2x2 + 3x3, \040p3 = x + x2 + 2x3, \040p4 = 1 + x + 3x2 + 5x3}{}% 14
\BOOKMARK [1][-]{section.5}{Let \040= [ 1 \0402 \0403 ]T, B = \173[ 1 \0400 \0400 ]T, \040[ 1 \0401 \0400 ]T, \040[ 1 \0401 \0401 ]T \175, and C = \173[ 1 \0401 \0400 ]T, \040[ 0 \0401 \0401 ]T, \040[ 1 \0400 \0401 ]T \175.}{}% 15
\BOOKMARK [2][-]{subsection.5.1}{Find []B}{section.5}% 16
\BOOKMARK [2][-]{subsection.5.2}{Find []C}{section.5}% 17
\BOOKMARK [2][-]{subsection.5.3}{Find PC B and compute PC B[]B}{section.5}% 18
\BOOKMARK [2][-]{subsection.5.4}{Find PB C and compute PB C[]C}{section.5}% 19
\BOOKMARK [1][-]{section.6}{Problem 6}{}% 20
\BOOKMARK [2][-]{subsection.6.1}{Find a basis for each of null\(A\), row\(A\), col\(A\), and state the dimension of each of these subspaces.}{section.6}% 21
\BOOKMARK [2][-]{subsection.6.2}{Is the vector \040= [ \0404 \0406 \040-2 \040]T in the column space of A? If so, write \040as a linear combination of the columns of A.}{section.6}% 22
